Performing C SOURCE FILE Test CMAKE_HAVE_LIBC_PTHREAD failed with the following output:
Change Dir: /home/ziye01/lees_ros/kinova_ws/build/CMakeFiles/CMakeTmp

Run Build Command(s):/usr/bin/make cmTC_38f42/fast && /usr/bin/make -f CMakeFiles/cmTC_38f42.dir/build.make CMakeFiles/cmTC_38f42.dir/build
make[1]: Entering directory '/home/ziye01/lees_ros/kinova_ws/build/CMakeFiles/CMakeTmp'
Building C object CMakeFiles/cmTC_38f42.dir/src.c.o
/usr/bin/cc   -DCMAKE_HAVE_LIBC_PTHREAD   -o CMakeFiles/cmTC_38f42.dir/src.c.o   -c /home/ziye01/lees_ros/kinova_ws/build/CMakeFiles/CMakeTmp/src.c
Linking C executable cmTC_38f42
/usr/bin/cmake -E cmake_link_script CMakeFiles/cmTC_38f42.dir/link.txt --verbose=1
/usr/bin/cc  -DCMAKE_HAVE_LIBC_PTHREAD    -rdynamic CMakeFiles/cmTC_38f42.dir/src.c.o  -o cmTC_38f42 
/usr/bin/ld: CMakeFiles/cmTC_38f42.dir/src.c.o: in function `main':
src.c:(.text+0x46): undefined reference to `pthread_create'
/usr/bin/ld: src.c:(.text+0x52): undefined reference to `pthread_detach'
/usr/bin/ld: src.c:(.text+0x63): undefined reference to `pthread_join'
collect2: error: ld returned 1 exit status
make[1]: *** [CMakeFiles/cmTC_38f42.dir/build.make:87: cmTC_38f42] Error 1
make[1]: Leaving directory '/home/ziye01/lees_ros/kinova_ws/build/CMakeFiles/CMakeTmp'
make: *** [Makefile:121: cmTC_38f42/fast] Error 2


Source file was:
#include <pthread.h>

void* test_func(void* data)
{
  return data;
}

int main(void)
{
  pthread_t thread;
  pthread_create(&thread, NULL, test_func, NULL);
  pthread_detach(thread);
  pthread_join(thread, NULL);
  pthread_atfork(NULL, NULL, NULL);
  pthread_exit(NULL);

  return 0;
}

Determining if the function pthread_create exists in the pthreads failed with the following output:
Change Dir: /home/ziye01/lees_ros/kinova_ws/build/CMakeFiles/CMakeTmp

Run Build Command(s):/usr/bin/make cmTC_840f6/fast && /usr/bin/make -f CMakeFiles/cmTC_840f6.dir/build.make CMakeFiles/cmTC_840f6.dir/build
make[1]: Entering directory '/home/ziye01/lees_ros/kinova_ws/build/CMakeFiles/CMakeTmp'
Building C object CMakeFiles/cmTC_840f6.dir/CheckFunctionExists.c.o
/usr/bin/cc   -DCHECK_FUNCTION_EXISTS=pthread_create   -o CMakeFiles/cmTC_840f6.dir/CheckFunctionExists.c.o   -c /usr/share/cmake-3.16/Modules/CheckFunctionExists.c
Linking C executable cmTC_840f6
/usr/bin/cmake -E cmake_link_script CMakeFiles/cmTC_840f6.dir/link.txt --verbose=1
/usr/bin/cc  -DCHECK_FUNCTION_EXISTS=pthread_create    -rdynamic CMakeFiles/cmTC_840f6.dir/CheckFunctionExists.c.o  -o cmTC_840f6  -lpthreads 
/usr/bin/ld: cannot find -lpthreads
collect2: error: ld returned 1 exit status
make[1]: *** [CMakeFiles/cmTC_840f6.dir/build.make:87: cmTC_840f6] Error 1
make[1]: Leaving directory '/home/ziye01/lees_ros/kinova_ws/build/CMakeFiles/CMakeTmp'
make: *** [Makefile:121: cmTC_840f6/fast] Error 2



Determining if the function sgemm_ exists failed with the following output:
Change Dir: /home/ziye01/lees_ros/kinova_ws/build/CMakeFiles/CMakeTmp

Run Build Command(s):/usr/bin/make cmTC_7a671/fast && /usr/bin/make -f CMakeFiles/cmTC_7a671.dir/build.make CMakeFiles/cmTC_7a671.dir/build
make[1]: Entering directory '/home/ziye01/lees_ros/kinova_ws/build/CMakeFiles/CMakeTmp'
Building C object CMakeFiles/cmTC_7a671.dir/CheckFunctionExists.c.o
/usr/bin/cc   -DCHECK_FUNCTION_EXISTS=sgemm_   -o CMakeFiles/cmTC_7a671.dir/CheckFunctionExists.c.o   -c /usr/share/cmake-3.16/Modules/CheckFunctionExists.c
Linking C executable cmTC_7a671
/usr/bin/cmake -E cmake_link_script CMakeFiles/cmTC_7a671.dir/link.txt --verbose=1
/usr/bin/cc  -DCHECK_FUNCTION_EXISTS=sgemm_    -rdynamic CMakeFiles/cmTC_7a671.dir/CheckFunctionExists.c.o  -o cmTC_7a671 
/usr/bin/ld: CMakeFiles/cmTC_7a671.dir/CheckFunctionExists.c.o: in function `main':
CheckFunctionExists.c:(.text+0x14): undefined reference to `sgemm_'
collect2: error: ld returned 1 exit status
make[1]: *** [CMakeFiles/cmTC_7a671.dir/build.make:87: cmTC_7a671] Error 1
make[1]: Leaving directory '/home/ziye01/lees_ros/kinova_ws/build/CMakeFiles/CMakeTmp'
make: *** [Makefile:121: cmTC_7a671/fast] Error 2



Determining if the function cheev_ exists failed with the following output:
Change Dir: /home/ziye01/lees_ros/kinova_ws/build/CMakeFiles/CMakeTmp

Run Build Command(s):/usr/bin/make cmTC_9bbff/fast && /usr/bin/make -f CMakeFiles/cmTC_9bbff.dir/build.make CMakeFiles/cmTC_9bbff.dir/build
make[1]: Entering directory '/home/ziye01/lees_ros/kinova_ws/build/CMakeFiles/CMakeTmp'
Building C object CMakeFiles/cmTC_9bbff.dir/CheckFunctionExists.c.o
/usr/bin/cc   -DCHECK_FUNCTION_EXISTS=cheev_   -o CMakeFiles/cmTC_9bbff.dir/CheckFunctionExists.c.o   -c /usr/share/cmake-3.16/Modules/CheckFunctionExists.c
Linking C executable cmTC_9bbff
/usr/bin/cmake -E cmake_link_script CMakeFiles/cmTC_9bbff.dir/link.txt --verbose=1
/usr/bin/cc  -DCHECK_FUNCTION_EXISTS=cheev_    -rdynamic CMakeFiles/cmTC_9bbff.dir/CheckFunctionExists.c.o  -o cmTC_9bbff  /usr/lib/x86_64-linux-gnu/libblas.so 
/usr/bin/ld: CMakeFiles/cmTC_9bbff.dir/CheckFunctionExists.c.o: in function `main':
CheckFunctionExists.c:(.text+0x14): undefined reference to `cheev_'
collect2: error: ld returned 1 exit status
make[1]: *** [CMakeFiles/cmTC_9bbff.dir/build.make:88: cmTC_9bbff] Error 1
make[1]: Leaving directory '/home/ziye01/lees_ros/kinova_ws/build/CMakeFiles/CMakeTmp'
make: *** [Makefile:121: cmTC_9bbff/fast] Error 2



